Microsoft (R) Macro Assembler Version 5.10                  10/8/22 22:41:12
                                                             Page     1-1


				
; HELLO2 - Учебная программа N2  лаб.раб.#1 по дисциплине "Архитектура компьютера"
;          Программа использует процедуру для печати строки
;
;      ТЕКСТ  ПРОГРАММЫ
				
 = 0024				EOFLine  EQU  '$'         ; Определение символьной константы
				                          ;     "Конец строки"
				
; Стек  программы
				
				ASSUME CS:CODE, SS:AStack
				
 0000				AStack    SEGMENT  STACK
 0000  000C[			          DW 12 DUP('!')    ; Отводится 12 слов памяти
	   0021			
			 ]	
				
 0018				AStack    ENDS
				
				; Данные программы
				
 0000				DATA      SEGMENT
				
				;  Директивы описания данных
				
 0000  48 65 6C 6C 6F 20	HELLO     DB 'Hello Worlds!', 0AH, 0DH,EOFLine
       57 6F 72 6C 64 73	
       21 0A 0D 24		
 0010  53 74 75 64 65 6E	GREETING  DB 'Student from 1381 - Kagarmanov D.
				$'
       74 20 66 72 6F 6D	
       20 31 33 38 31 20	
       2D 20 4B 61 67 61	
       72 6D 61 6E 6F 76	
       20 44 2E 24		
 0032				DATA      ENDS
				
				; Код программы
				
 0000				CODE      SEGMENT
				; Процедура печати строки
 0000				WriteMsg  PROC  NEAR
 0000  B4 09			          mov   AH,9
 0002  CD 21			          int   21h  ; Вызов функции DOS по пре
				рыванию
 0004  C3			          ret
 0005				WriteMsg  ENDP
				
				; Головная процедура
Microsoft (R) Macro Assembler Version 5.10                  10/8/22 22:41:12
                                                             Page     1-2


 0005				Main      PROC  FAR
 0005  1E			          push  DS       ;\  Сохранение адреса 
				начала PSP в стеке
 0006  2B C0			          sub   AX,AX    ; > для последующего в
				осстановления по
 0008  50			          push  AX       ;/  команде ret, завер
				шающей процедуру.
 0009  B8 ---- R		          mov   AX,DATA             ; Загрузка 
				сегментного
 000C  8E D8			          mov   DS,AX               ; регистра 
				данных.
 000E  BA 0000 R		          mov   DX, OFFSET HELLO    ; Вывод на 
				экран первой
 0011  E8 0000 R		          call  WriteMsg            ; строки пр
				иветствия.
 0014  BA 0010 R		          mov   DX, OFFSET GREETING ; Вывод на 
				экран второй
 0017  E8 0000 R		          call  WriteMsg            ; строки пр
				иветствия.
 001A  CB			          ret                       ; Выход в D
				OS по команде,
				                                    ; находящей
				ся в 1-ом слове PSP.
 001B				Main      ENDP
 001B				CODE      ENDS
				          END Main
Microsoft (R) Macro Assembler Version 5.10                  10/8/22 22:41:12
                                                             Symbols-1


Segments and Groups:

                N a m e         	Length	 Align	Combine Class

ASTACK . . . . . . . . . . . . .  	0018	PARA	STACK	
CODE . . . . . . . . . . . . . .  	001B	PARA	NONE	
DATA . . . . . . . . . . . . . .  	0032	PARA	NONE	

Symbols:            

                N a m e         	Type	 Value	 Attr

EOFLINE  . . . . . . . . . . . .  	NUMBER	0024	

GREETING . . . . . . . . . . . .  	L BYTE	0010	DATA

HELLO  . . . . . . . . . . . . .  	L BYTE	0000	DATA

MAIN . . . . . . . . . . . . . .  	F PROC	0005	CODE	Length = 0016

WRITEMSG . . . . . . . . . . . .  	N PROC	0000	CODE	Length = 0005

@CPU . . . . . . . . . . . . . .  	TEXT  0101h		
@FILENAME  . . . . . . . . . . .  	TEXT  HELLO2		
@VERSION . . . . . . . . . . . .  	TEXT  510		


     53 Source  Lines
     53 Total   Lines
     13 Symbols

  47986 + 459274 Bytes symbol space free

      0 Warning Errors
      0 Severe  Errors
