Microsoft (R) Macro Assembler Version 5.10                  12/1/22 17:54:06
                                                             Page     1-1


 0000				DATA SEGMENT
 0000  0000			        KEEP_CS DW 0 ;–±—É—Ñ–µ—Ä –¥–ª—è —Ö—Ä–∞–
				Ω–µ–Ω–∏—è —Å–µ–≥–º–µ–Ω—Ç–∞
 0002  0000			        KEEP_IP DW 0 ;—Å–º–µ—â–µ–Ω–∏–µ –≤–µ–∫—Ç
				–æ—Ä–∞ –ø—Ä–µ—Ä—ã–≤–∞–Ω–∏—è
 0004				DATA ENDS
				
 0000				STACK    SEGMENT  STACK
 0000  0400[			          DW 1024 DUP(?)
	   ????			
			 ]	
				
 0800				STACK    ENDS
				
 0000				CODE SEGMENT
					ASSUME CS:CODE, DS:DATA, SS:STACK
				
 0000				SUBR_INT PROC FAR
 0000  50				push ax ; —Å–æ—Ö—Ä–∞–Ω–µ–Ω–∏–µ –∏–∑–º–µ
				–Ω—è–µ–º—ã—Ö —Ä–µ–≥–∏—Å—Ç—Ä–æ–≤
 0001  53				push bx ;
 0002  52				push dx ;
 0003  51				push cx ;
					
 0004  BF 1770				mov di, 6000 ;—á–∞—Å—Ç–æ—Ç–∞ –∑–≤—É–∫–∞
 0007  BB 000A				mov bx, 10 ;–¥–ª–∏—Ç–µ–ª—å–Ω–æ—Å—Ç—å
					
 000A					start:
 000A  B0 B6				mov al, 10110110b
 000C  E6 43				out 43h, al ;—É—Å—Ç–∞–Ω–æ–≤–∫–∞ –∫–∞–Ω–
				∞–ª–∞ 2, –¥–∞—é—â–µ–≥–æ –≤—ã—Ö–æ–¥ –Ω–∞ –¥–∏–Ω–
				∞–º–∏–∫
 000E  BA 0014				mov dx,0014H
 0011  B8 03E8			    	mov ax, 1000 ;–≤—ã—Å–æ—Ç–∞ –∑–≤—É–∫–∞
 0014  F7 F7			    	div di
				
 0016  E6 42				out 42h, al
 0018  8A C4				mov al, ah
 001A  E6 42				out 42h, al
					
 001C  E4 61				in al, 61h ;—Ç–µ–∫—É—â–µ–µ —Å–æ—Å—Ç–æ—è
				–Ω–∏–µ –ø–æ—Ä—Ç–∞ 61h –≤ AL
 001E  8A E0				mov ah, al
 0020  0C 03				or al, 3 ; —É—Å—Ç–∞–Ω–∞–≤–ª–∏–≤–∞–µ–º –
				±–∏—Ç—ã 0 –∏ 1 (–≤–∫–ª—é—á–∏—Ç—å —Å–ø–∏–∫–µ—Ä –
				∏ –∏—Å–ø–æ–ª—å–∑–æ–≤–∞—Ç—å 2-–π –∫–∞–Ω–∞–ª –¥–ª
				—è –≥–µ–Ω–µ—Ä–∞—Ü–∏–∏ –∏–º–ø—É–ª—å—Å–æ–≤ —Å–ø–∏
				–∫–µ—Ä–∞)
 0022  E6 61				out 61h, al ; –≤—ã–≤–æ–¥–∏–º –∑–Ω–∞—á–µ
				–Ω–∏–µ –≤ —É–ø—Ä–∞–≤–ª—è—é—â–∏–π —Ä–µ–≥–∏—Å—Ç—Ä
				
 0024  B9 2801				l1:	mov cx, 2801h
 0027  E2 FE				l2:	loop l2
 0029  4B				dec bx ;
Microsoft (R) Macro Assembler Version 5.10                  12/1/22 17:54:06
                                                             Page     1-2


 002A  75 F8				jnz l1
					
 002C					finish:
 002C  8A C4				mov al, ah
 002E  24 FC				and al, 11111100b	; —Å–±—Ä–∞—Å—ã–
				≤–∞–µ–º –±–∏—Ç—ã 0 –∏ 1 
 0030  E6 61				out 61h,al	; –≤—ã–≤–æ–¥–∏–º –∑–Ω–∞
				—á–µ–Ω–∏–µ –≤ —É–ø—Ä–∞–≤–ª—è—é—â–∏–π —Ä–µ–≥–∏—Å
				—Ç—Ä –ø–æ—Ä—Ç–∞ B PPI (–∫–æ–Ω—Ç—Ä–æ–ª–ª–µ—Ä–∞ 8
				255)
				
 0032  58				pop ax ; –≤–æ—Å—Å—Ç–∞–Ω–æ–≤–ª–µ–Ω–∏–µ —
				Ä–µ–≥–∏—Å—Ç—Ä–æ–≤
 0033  5B				pop bx ;
 0034  59				pop cx ;
 0035  5A				pop dx ;
 0036  B0 20				mov al, 20h
 0038  E6 20				out 20h, al
 003A  CF				iret
 003B				SUBR_INT ENDP
					
 003B				Main PROC FAR
 003B  1E				push ds
 003C  2B C0				sub ax,ax
 003E  50				push ax
 003F  B8 ---- R			mov ax, DATA
 0042  8E D8				mov ds, ax
				    
				;–ó–∞–ø–æ–º–∏–Ω–∞–Ω–∏–µ —Ç–µ–∫—É—â–µ–≥–æ –≤–µ–∫
				—Ç–æ—Ä–∞ –ø—Ä–µ—Ä—ã–≤–∞–Ω–∏—è
 0044  B4 35				mov ah, 35h ;—Ñ—É–Ω–∫—Ü–∏—è –ø–æ–ª—É—á–
				µ–Ω–∏—è –≤–µ–∫—Ç–æ—Ä–∞
 0046  B0 08				mov al, 08h ;–Ω–æ–º–µ—Ä –≤–µ–∫—Ç–æ—Ä–∞
 0048  CD 21				int 21H
 004A  89 1E 0002 R			mov KEEP_IP, bx ;–∑–∞–ø–æ–º–∏–Ω–∞–Ω–∏–µ
				 —Å–º–µ—â–µ–Ω–∏—è
 004E  8C 06 0000 R			mov KEEP_CS, es ;–∏ —Å–µ–≥–º–µ–Ω—Ç–∞
					
				;–£—Å—Ç–∞–Ω–æ–≤–∫–∞ –≤–µ–∫—Ç–æ—Ä–∞ –ø—Ä–µ—Ä—ã–≤
				–∞–Ω–∏—è
 0052  1E				push ds
 0053  BA 0000 R			mov dx, OFFSET SUBR_INT ;—Å–º–µ—â–µ–Ω–∏
				–µ –¥–ª—è –ø—Ä–æ—Ü–µ–¥—É—Ä—ã –≤ DX
 0056  B8 ---- R			mov ax, SEG SUBR_INT ;—Å–µ–≥–º–µ–Ω—Ç –ø
				—Ä–æ—Ü–µ–¥—É—Ä—ã
 0059  8E D8				mov ds, ax ;–ø–æ–º–µ—â–∞–µ–º –≤ DS
 005B  B4 25				mov ah, 25h ;—Ñ—É–Ω–∫—Ü–∏—è —É—Å—Ç–∞–Ω–
				æ–≤–∫–∏ –≤–µ–∫—Ç–æ—Ä–∞
 005D  B0 08				mov al, 08h ;–Ω–æ–º–µ—Ä –≤–µ–∫—Ç–æ—Ä–∞
 005F  CD 21				int 21h ;–º–µ–Ω—è–µ–º –ø—Ä–µ—Ä—ã–≤–∞–Ω–
				∏–µ
 0061  1F				pop ds
 0062  CD 08				int 08h ;–≤—ã–∑–æ–≤ –ø—Ä–µ—Ä—ã–≤–∞–Ω–∏—
				è
Microsoft (R) Macro Assembler Version 5.10                  12/1/22 17:54:06
                                                             Page     1-3


				
				;–í–æ—Å—Å—Ç–∞–Ω–æ–≤–ª–µ–Ω–∏–µ –∏–∑–Ω–∞—á–∞–ª—å–
				Ω–æ–≥–æ –≤–µ–∫—Ç–æ—Ä–∞ –ø—Ä–µ—Ä—ã–≤–∞–Ω–∏—è
 0064  FA				CLI
 0065  1E				push ds
 0066  8B 16 0002 R			mov dx, KEEP_IP ;—Å–º–µ—â–µ–Ω–∏–µ –¥–ª—
				è –ø—Ä–æ—Ü–µ–¥—É—Ä—ã –≤ DX
 006A  A1 0000 R			mov ax, KEEP_CS ;—Å–µ–≥–º–µ–Ω—Ç –ø—Ä–æ—
				Ü–µ–¥—É—Ä—ã
 006D  8E D8				mov ds, ax ;–ø–æ–º–µ—â–∞–µ–º –≤ DS
 006F  B4 25				mov ah, 25h ;—Ñ—É–Ω–∫—Ü–∏—è —É—Å—Ç–∞–Ω–
				æ–≤–∫–∏ –≤–µ–∫—Ç–æ—Ä–∞
 0071  B0 08				mov al, 08h ;–Ω–æ–º–µ—Ä –≤–µ–∫—Ç–æ—Ä–∞
 0073  CD 21				int 21h ;–≤–æ—Å—Å—Ç–∞–Ω–∞–≤–ª–∏–≤–∞–µ–º
				 —Å—Ç–∞—Ä—ã–π –≤–µ–∫—Ç–æ—Ä
 0075  1F				pop ds
 0076  FB				STI
 0077  CB				RET
					
 0078				Main      ENDP
				
 0078				CODE ENDS
					END Main 
Microsoft (R) Macro Assembler Version 5.10                  12/1/22 17:54:06
                                                             Symbols-1


Segments and Groups:

                N a m e         	Length	 Align	Combine Class

CODE . . . . . . . . . . . . . .  	0078	PARA	NONE	
DATA . . . . . . . . . . . . . .  	0004	PARA	NONE	
STACK  . . . . . . . . . . . . .  	0800	PARA	STACK	

Symbols:            

                N a m e         	Type	 Value	 Attr

FINISH . . . . . . . . . . . . .  	L NEAR	002C	CODE

KEEP_CS  . . . . . . . . . . . .  	L WORD	0000	DATA
KEEP_IP  . . . . . . . . . . . .  	L WORD	0002	DATA

L1 . . . . . . . . . . . . . . .  	L NEAR	0024	CODE
L2 . . . . . . . . . . . . . . .  	L NEAR	0027	CODE

MAIN . . . . . . . . . . . . . .  	F PROC	003B	CODE	Length = 003D

START  . . . . . . . . . . . . .  	L NEAR	000A	CODE
SUBR_INT . . . . . . . . . . . .  	F PROC	0000	CODE	Length = 003B

@CPU . . . . . . . . . . . . . .  	TEXT  0101h		
@FILENAME  . . . . . . . . . . .  	TEXT  lr5		
@VERSION . . . . . . . . . . . .  	TEXT  510		


     98 Source  Lines
     98 Total   Lines
     16 Symbols

  48018 + 457192 Bytes symbol space free

      0 Warning Errors
      0 Severe  Errors
