Microsoft (R) Macro Assembler Version 5.10                  10/20/22 22:28:4
                                                             Page     1-1


 0000				AStack SEGMENT STACK
 0000  000C[			    DW 12 DUP(?)
	   ????			
			 ]	
				
 0018				AStack ENDS
				
 0000				DATA SEGMENT
 0000  0002			a DW 2
 0002  0004			b DW 4
 0004  FFFD			i DW -3
 0006  0005			k DW 5
 0008  0000			i1 DW 0
 000A  0000			i2 DW 0
 000C  0000			res DW 0
 000E				DATA ENDS
				
 0000				CODE SEGMENT
				    ASSUME CS:CODE, DS:DATA, SS:AStack
				
 0000				Main PROC FAR
 0000  1E			    push DS
 0001  2B C0			    sub AX, AX
 0003  50			    push AX
 0004  B8 ---- R		    mov AX, DATA
 0007  8E D8			    mov DS, AX
				
 0009  A1 0004 R		    mov AX, i
				    ; i+1
 000C  05 0001			    add AX, 1
 000F  8B 0E 0000 R		    mov CX, a
 0013  3B 0E 0002 R		    cmp CX, b
 0017  7E 15			    jle AlessB
				
 0019				AmoreB:
				    ; 2*i+2
 0019  D1 E0			    shl AX, 1
				    ; 2*(i+1)-4 = 2i-2
 001B  2D 0004			    sub AX, 4
 001E  A3 000A R		    mov i2, AX
				    ; 4i-4
 0021  D1 E0			    shl AX, 1
				    ; 4i+3
 0023  05 0007			    add AX, 7
				    ; -(4i+3)
 0026  F7 D8			    neg AX
 0028  A3 0008 R		    mov i1, AX
 002B  EB 1B 90			    jmp ABSi1
				
 002E				AlessB:
 002E  8B D8			    mov BX, AX
 0030  D1 E0			    shl AX, 1
 0032  D1 E0			    shl AX, 1
				    ; 3*(i+1)
Microsoft (R) Macro Assembler Version 5.10                  10/20/22 22:28:4
                                                             Page     1-2


 0034  2B C3			    sub AX, BX
				    ; -3*(i+1)
 0036  F7 D8			    neg AX
				    ; 5-3*(i+1) = -3i+2
 0038  05 0005			    add AX, 5       
 003B  A3 000A R		    mov i2, AX
				    ; -6i+4
 003E  D1 E0			    shl AX, 1
				    ; -6i+10
 0040  05 0006			    add AX, 6
				    ; 6i-10
 0043  F7 D8			    neg AX
 0045  A3 0008 R		    mov i1, AX
 0048				ABSi1:
 0048  8B 0E 0008 R		    mov CX, i1
 004C  83 F9 00			    cmp CX, 0
 004F  7D 04			    jge f3
 0051  F7 1E 0008 R		    neg i1
 0055				f3:
 0055  8B 0E 0006 R		    mov CX, k
 0059  83 F9 00			    cmp CX, 0
 005C  75 15			    jne ABSi2
 005E				f3_1:
 005E  8B 0E 0008 R		    mov CX, i1
 0062  83 F9 06			    cmp CX, 6
 0065  7E 06			    jle min
 0067  B8 0006			    mov AX, 6
 006A  EB 1E 90			    jmp f3res
 006D				min:
 006D  A1 0008 R		    mov AX, i1
 0070  EB 18 90			    jmp f3res
 0073				ABSi2:
 0073  8B 0E 000A R		    mov CX, i2
 0077  83 F9 00			    cmp CX, 0
 007A  7D 04			    jge f3_2
 007C  F7 1E 000A R		    neg i2    
 0080				f3_2:
 0080  A1 0008 R		    mov AX, i1
 0083  03 06 000A R		    add AX, i2
 0087  EB 01 90			    jmp f3res
 008A				f3res:
 008A  A3 000C R		    mov res, AX            
 008D  CB			    ret
 008E				Main ENDP
 008E				CODE ENDS
				    END Main    
Microsoft (R) Macro Assembler Version 5.10                  10/20/22 22:28:4
                                                             Symbols-1


Segments and Groups:

                N a m e         	Length	 Align	Combine Class

ASTACK . . . . . . . . . . . . .  	0018	PARA	STACK	
CODE . . . . . . . . . . . . . .  	008E	PARA	NONE	
DATA . . . . . . . . . . . . . .  	000E	PARA	NONE	

Symbols:            

                N a m e         	Type	 Value	 Attr

A  . . . . . . . . . . . . . . .  	L WORD	0000	DATA
ABSI1  . . . . . . . . . . . . .  	L NEAR	0048	CODE
ABSI2  . . . . . . . . . . . . .  	L NEAR	0073	CODE
ALESSB . . . . . . . . . . . . .  	L NEAR	002E	CODE
AMOREB . . . . . . . . . . . . .  	L NEAR	0019	CODE

B  . . . . . . . . . . . . . . .  	L WORD	0002	DATA

F3 . . . . . . . . . . . . . . .  	L NEAR	0055	CODE
F3RES  . . . . . . . . . . . . .  	L NEAR	008A	CODE
F3_1 . . . . . . . . . . . . . .  	L NEAR	005E	CODE
F3_2 . . . . . . . . . . . . . .  	L NEAR	0080	CODE

I  . . . . . . . . . . . . . . .  	L WORD	0004	DATA
I1 . . . . . . . . . . . . . . .  	L WORD	0008	DATA
I2 . . . . . . . . . . . . . . .  	L WORD	000A	DATA

K  . . . . . . . . . . . . . . .  	L WORD	0006	DATA

MAIN . . . . . . . . . . . . . .  	F PROC	0000	CODE	Length = 008E
MIN  . . . . . . . . . . . . . .  	L NEAR	006D	CODE

RES  . . . . . . . . . . . . . .  	L WORD	000C	DATA

@CPU . . . . . . . . . . . . . .  	TEXT  0101h		
@FILENAME  . . . . . . . . . . .  	TEXT  lab3		
@VERSION . . . . . . . . . . . .  	TEXT  510		


     97 Source  Lines
     97 Total   Lines
     25 Symbols

  48016 + 461291 Bytes symbol space free

      0 Warning Errors
      0 Severe  Errors
