Microsoft (R) Macro Assembler Version 5.10                  10/23/22 16:13:2
                                                             Page     1-1


				ASSUME CS:CODE, SS:AStack, DS:DATA
				 
 0000				AStack    SEGMENT  STACK
 0000  0020[			          DW 32 DUP(0)
	   0000			
			 ]	
				
 0040				AStack    ENDS
				 
 0000				DATA      SEGMENT
				 
 0000  0000			i	DW	0
 0002  0000			a 	DW 	0
 0004  0000			b	DW	0
 0006  0000			k	DW	0
				 
 0008  0000			i1	DW	0		;f1
 000A  0000			i2	DW	0		;f2
 000C  0000			res	DW	0		;f3
				 
 000E				DATA      ENDS
				 
 0000				CODE SEGMENT
				 
 0000				Main      PROC  FAR
 0000  B8 ---- R			mov   AX,DATA
 0003  8E D8				mov   DS,AX
				 
				;–í—ã—á–∏—Å–ª–µ–Ω–∏–µ f1 –∏ f2
 0005  A1 0002 R			mov ax,a	;ax = a
 0008  8B 0E 0000 R			mov cx,i	;cx = i
 000C  8B 16 0004 R			mov dx,b	;dx = b
 0010  3B C2				cmp ax,dx	;–°—Ä–∞–≤–Ω–µ–Ω–∏–µ –∑–
				Ω–∞—á–µ–Ω–∏–π a –∏ b	
 0012  7F 2B				jg PART1	;–µ—Å–ª–∏ a>b —Ç–æ –Ω–∞
				 PART1
				 
					;–µ—Å–ª–∏ a<=b:
 0014  B8 0008				mov ax,8	;ax = 8
 0017  8B 16 0000 R			mov dx,i	;dx = i
 001B  D1 E2				sal dx,1	;dx = 2i
 001D  D1 E1				sal cx,1	;cx = 2i
 001F  D1 E1				sal cx,1	;cx = 4i
 0021  03 CA				add cx,dx	;cx = 2i + 4i = 6i
 0023  2B C1				sub ax,cx	;ax = 8 - 6i	
 0025  A3 0008 R			mov i1,ax	;i1(f1) = ax = 8 - 6i
				 
 0028  8B 0E 0000 R			mov cx,i	;cx = i
 002C  8B 16 0000 R			mov dx, i	;dx = i
 0030  D1 E2				sal dx,1	;dx = 2i
 0032  03 CA				add cx,dx	;cx = i + 2i = 3i
 0034  B8 000A				mov ax, 10	;ax = 10
 0037  2B C1				sub ax, cx	;ax = ax - cx = 10 - 3i
 0039  A3 000A R			mov i2,ax	;i2(f2) = ax = 10 - 3i
Microsoft (R) Macro Assembler Version 5.10                  10/23/22 16:13:2
                                                             Page     1-2


 003C  EB 1B 90				jmp PART2	;–∏–¥–µ–º –Ω–∞ PART2
				 
 003F				PART1:			;–µ—Å–ª–∏ a>b
 003F  8B 0E 0000 R			mov cx,i	;cx = i	
 0043  D1 E1				sal cx,1	;cx = 2i
 0045  D1 E1				sal cx,1	;cx = 4i
 0047  B8 0007				mov ax,7	;ax = 7
 004A  2B C1				sub ax,cx	;ax = ax - cx = 7 - 4i
 004C  A3 0008 R			mov i1,ax	;i1(f1) = ax = 7 - 4i
				 
 004F  B8 FFFB				mov ax,-5	;ax = -5
 0052  03 C1				add ax,cx	;ax = ax + cx = 4i - 5
 0054  F7 D8				neg ax		;ax = -(4i - 5)
 0056  A3 000A R			mov i2,ax	;i2(f2) = cx = -(4i - 5
				)
				 
				;–í—ã—á–∏—Å–ª–µ–Ω–∏–µ f3
 0059				PART2:
 0059  BB 0000				mov bx,0
 005C  3B 1E 0008 R			cmp bx,i1	
 0060  7F 03				jg ABS1		;–µ—Å–ª–∏ 0 > i1, —Ç–æ 
				–Ω–∞ ABS1
 0062  EB 05 90				jmp CHECK	;–∏–Ω–∞—á–µ –∏–¥–µ–º –Ω
				–∞ CHECK
					
 0065				ABS1:
 0065  F7 1E 0008 R			neg i1
				
 0069				CHECK:
 0069  3B 1E 000A R			cmp bx,i2
 006D  7F 07				jg PART21	;–µ—Å–ª–∏ 0 > i2, —Ç–æ 
				–Ω–∞ ABS2
 006F  EB 05 90				jmp PART21	;–∏–Ω–∞—á–µ –∏–¥—ë–º –Ω
				–∞ PART21
				
 0072				ABS2:
 0072  F7 1E 000A R			neg i2
				
 0076				PART21:
 0076  A1 0006 R			mov ax,k
				 
 0079  3B C3				cmp ax,bx	;—Å—Ä–∞–≤–Ω–∏–≤–∞–µ–º k
				 –∏ 0
 007B  75 17				jne PART4	;–µ—Å–ª–∏ k –Ω–µ —Ä–∞–≤
				–Ω–æ 0, —Ç–æ –Ω–∞ PART4
				 	
							;–µ—Å–ª–∏ –∫ = 0
 007D  A1 0008 R			mov ax,i1	;ax = i1
 0080  BB 0006				mov bx,6	;bx = 6
 0083  3B C3				cmp ax,bx
 0085  7F 06				jg PART3	;–µ—Å–ª–∏ i1 > 6 —Ç–æ –
				Ω–∞ PART3
				 
 0087  A3 000C R			mov res,ax	;res = ax = i1
Microsoft (R) Macro Assembler Version 5.10                  10/23/22 16:13:2
                                                             Page     1-3


 008A  EB 12 90				jmp ENDPART
 008D				PART3:
 008D  89 1E 000C R			mov res,bx	;res = bx = 6
 0091  EB 0B 90				jmp ENDPART
				 
 0094				PART4:			;–µ—Å–ª–∏ k –Ω–µ —Ä–∞–≤
				–Ω–æ 0
 0094  A1 0008 R			mov ax, i1
 0097  03 06 000A R			add ax,i2	;ax = ax + i2
 009B  A3 000C R			mov res,ax	;res = ax = i1 + i2
				
 009E				ENDPART:
 009E  CD 20				int 20h
				 
 00A0				Main      ENDP
 00A0				CODE      ENDS
				          END Main
Microsoft (R) Macro Assembler Version 5.10                  10/23/22 16:13:2
                                                             Symbols-1


Segments and Groups:

                N a m e         	Length	 Align	Combine Class

ASTACK . . . . . . . . . . . . .  	0040	PARA	STACK	
CODE . . . . . . . . . . . . . .  	00A0	PARA	NONE	
DATA . . . . . . . . . . . . . .  	000E	PARA	NONE	

Symbols:            

                N a m e         	Type	 Value	 Attr

A  . . . . . . . . . . . . . . .  	L WORD	0002	DATA
ABS1 . . . . . . . . . . . . . .  	L NEAR	0065	CODE
ABS2 . . . . . . . . . . . . . .  	L NEAR	0072	CODE

B  . . . . . . . . . . . . . . .  	L WORD	0004	DATA

CHECK  . . . . . . . . . . . . .  	L NEAR	0069	CODE

ENDPART  . . . . . . . . . . . .  	L NEAR	009E	CODE

I  . . . . . . . . . . . . . . .  	L WORD	0000	DATA
I1 . . . . . . . . . . . . . . .  	L WORD	0008	DATA
I2 . . . . . . . . . . . . . . .  	L WORD	000A	DATA

K  . . . . . . . . . . . . . . .  	L WORD	0006	DATA

MAIN . . . . . . . . . . . . . .  	F PROC	0000	CODE	Length = 00A0

PART1  . . . . . . . . . . . . .  	L NEAR	003F	CODE
PART2  . . . . . . . . . . . . .  	L NEAR	0059	CODE
PART21 . . . . . . . . . . . . .  	L NEAR	0076	CODE
PART3  . . . . . . . . . . . . .  	L NEAR	008D	CODE
PART4  . . . . . . . . . . . . .  	L NEAR	0094	CODE

RES  . . . . . . . . . . . . . .  	L WORD	000C	DATA

@CPU . . . . . . . . . . . . . .  	TEXT  0101h		
@FILENAME  . . . . . . . . . . .  	TEXT  lab3		
@VERSION . . . . . . . . . . . .  	TEXT  510		


    111 Source  Lines
    111 Total   Lines
     25 Symbols

  47982 + 459278 Bytes symbol space free

      0 Warning Errors
      0 Severe  Errors
